10:33:24.877 [Daemon worker] INFO  o.a.AndroidAnnotationProcessor:83 - Initialize AndroidAnnotations 3.3.2 with options {androidManifestFile=C:\Users\student7.WZR\Downloads\AndroidApp400-11174f63b52423a970c8eb3f95e0066b4b2c4393\app\build\intermediates\manifests\full\debug\AndroidManifest.xml}
10:33:24.965 [Daemon worker] INFO  o.a.AndroidAnnotationProcessor:107 - Start processing for 12 annotations on 8 elements
10:33:24.979 [Daemon worker] DEBUG o.a.h.AndroidManifestFinder:98 - AndroidManifest.xml file found with specified path: C:\Users\student7.WZR\Downloads\AndroidApp400-11174f63b52423a970c8eb3f95e0066b4b2c4393\app\build\intermediates\manifests\full\debug\AndroidManifest.xml
10:33:25.107 [Daemon worker] INFO  o.a.AndroidAnnotationProcessor:170 - AndroidManifest.xml found: AndroidManifest [applicationPackage=pl.edu.ug.aib.firstApp, componentQualifiedNames=[pl.edu.ug.aib.firstApp.FirstActivity_, pl.edu.ug.aib.firstApp.SecondActivity_], permissionQualifiedNames=[], applicationClassName=null, libraryProject=false, debugabble=false, minSdkVersion=10, maxSdkVersion=-1, targetSdkVersion=23]
10:33:25.108 [Daemon worker] INFO  o.a.r.ProjectRClassFinder:50 - Found project R class: pl.edu.ug.aib.firstApp.R
10:33:25.122 [Daemon worker] INFO  o.a.r.AndroidRClassFinder:44 - Found Android class: android.R
10:33:25.148 [Daemon worker] INFO  o.a.p.ModelValidator:42 - Validating elements
10:33:25.149 [Daemon worker] DEBUG o.a.p.ModelValidator:62 - Validating with EActivityHandler: [pl.edu.ug.aib.firstApp.FirstActivity, pl.edu.ug.aib.firstApp.SecondActivity]
10:33:25.154 [Daemon worker] DEBUG o.a.p.ModelValidator:62 - Validating with EBeanHandler: [pl.edu.ug.aib.firstApp.adapter.PersonListAdapter]
10:33:25.155 [Daemon worker] DEBUG o.a.p.ModelValidator:62 - Validating with EViewGroupHandler: [pl.edu.ug.aib.firstApp.itemView.PersonItemView]
10:33:25.156 [Daemon worker] DEBUG o.a.p.ModelValidator:62 - Validating with ViewByIdHandler: [username, password, list, welcomeText, phoneNumber, acronym, name, company]
10:33:25.161 [Daemon worker] DEBUG o.a.p.ModelValidator:62 - Validating with ClickHandler: [loginClicked(), dialClicked()]
10:33:25.164 [Daemon worker] DEBUG o.a.p.ModelValidator:62 - Validating with ItemClickHandler: [listItemClicked(java.lang.String)]
10:33:25.166 [Daemon worker] DEBUG o.a.p.ModelValidator:62 - Validating with BeanHandler: [adapter]
10:33:25.168 [Daemon worker] DEBUG o.a.p.ModelValidator:62 - Validating with OptionsMenuHandler: [pl.edu.ug.aib.firstApp.FirstActivity]
10:33:25.169 [Daemon worker] DEBUG o.a.p.ModelValidator:62 - Validating with OptionsItemHandler: [settingsSelected()]
10:33:25.171 [Daemon worker] DEBUG o.a.p.ModelValidator:62 - Validating with RootContextHandler: [context]
10:33:25.174 [Daemon worker] DEBUG o.a.p.ModelValidator:62 - Validating with ExtraHandler: [username]
10:33:25.176 [Daemon worker] DEBUG o.a.p.ModelValidator:62 - Validating with AfterViewsHandler: [init(), init()]
10:33:25.187 [Daemon worker] INFO  o.a.p.ModelProcessor:74 - Processing root elements
10:33:25.188 [Daemon worker] DEBUG o.a.p.ModelProcessor:176 - Processing root elements EActivityHandler: [pl.edu.ug.aib.firstApp.SecondActivity, pl.edu.ug.aib.firstApp.FirstActivity]
10:33:25.237 [Daemon worker] DEBUG o.a.p.ModelProcessor:176 - Processing root elements EBeanHandler: [pl.edu.ug.aib.firstApp.adapter.PersonListAdapter]
10:33:25.238 [Daemon worker] DEBUG o.a.p.ModelProcessor:176 - Processing root elements EViewGroupHandler: [pl.edu.ug.aib.firstApp.itemView.PersonItemView]
10:33:25.244 [Daemon worker] INFO  o.a.p.ModelProcessor:86 - Processing enclosed elements
10:33:25.254 [Daemon worker] INFO  o.a.AndroidAnnotationProcessor:249 - Number of files generated by AndroidAnnotations: 4
10:33:25.257 [Daemon worker] INFO  o.a.g.ApiCodeGenerator:52 - Writting following API classes in project: []
10:33:25.258 [Daemon worker] DEBUG o.a.g.SourceCodewriter:55 - Generating class: pl.edu.ug.aib.firstApp.itemView.PersonItemView_
10:33:25.360 [Daemon worker] DEBUG o.a.g.SourceCodewriter:55 - Generating class: pl.edu.ug.aib.firstApp.adapter.PersonListAdapter_
10:33:25.374 [Daemon worker] DEBUG o.a.g.SourceCodewriter:55 - Generating class: pl.edu.ug.aib.firstApp.FirstActivity_
10:33:25.411 [Daemon worker] DEBUG o.a.g.SourceCodewriter:55 - Generating class: pl.edu.ug.aib.firstApp.SecondActivity_
10:33:25.457 [Daemon worker] INFO  o.a.p.TimeStats:81 - Time measurements: [Whole Processing = 492 ms], [Generate Sources = 203 ms], [Extract Manifest = 129 ms], [Process Annotations = 77 ms], [Find R Classes = 29 ms], [Validate Annotations = 29 ms], [Extract Annotations = 11 ms], 
10:33:25.457 [Daemon worker] INFO  o.a.AndroidAnnotationProcessor:121 - Finish processing
